<?xml version="1.0" encoding="UTF-8"?>
<testsuite name="com.demoqa.FirstJUnitTest" tests="2" skipped="0" failures="0" errors="0" timestamp="2023-10-09T16:39:55" hostname="DESKTOP-CUM69BF" time="0.021">
  <properties/>
  <testcase name="firstTest()" classname="com.demoqa.FirstJUnitTest" time="0.019"/>
  <testcase name="secondTest()" classname="com.demoqa.FirstJUnitTest" time="0.001"/>
  <system-out><![CDATA[         ####@test 111
    ####@aftereach
         ####@test 222
    ####@aftereach
]]></system-out>
  <system-err><![CDATA[]]></system-err>
</testsuite>
